Building 'public' docs...

Skipping schema docs update (no full GEVER dev-environment present)
rm -rf _build/*
/Users/livia/projects/opengever.core-docs/bin/sphinx-build -b html -d _build/doctrees   . _build/html
Running Sphinx v1.3.5
making output directory...
loading translations [de]... done
loading pickled environment... not yet created
building [mo]: targets for 0 po files that are out of date
building [html]: targets for 82 source files that are out of date
updating environment: 82 added, 0 changed, 0 removed
reading sources... [  1%] admin-manual/adminansicht
reading sources... [  2%] admin-manual/aussonderung
reading sources... [  3%] admin-manual/berechtigungoe
reading sources... [  4%] admin-manual/docproperties/autoupdate
reading sources... [  6%] admin-manual/docproperties/index
reading sources... [  7%] admin-manual/docproperties/insert
reading sources... [  8%] admin-manual/docproperties/list
reading sources... [  9%] admin-manual/index
reading sources... [ 10%] admin-manual/meeting/debugging
reading sources... [ 12%] admin-manual/meeting/index
reading sources... [ 13%] admin-manual/meeting/mergefields
reading sources... [ 14%] admin-manual/meeting/sablon
reading sources... [ 15%] admin-manual/meeting/wordconfig
reading sources... [ 17%] admin-manual/ogg-bundle
reading sources... [ 18%] admin-manual/rollenmanager
reading sources... [ 19%] admin-manual/standardablauferstellen
reading sources... [ 20%] dev-manual/api/authentication
reading sources... [ 21%] dev-manual/api/basics
reading sources... [ 23%] dev-manual/api/batching
reading sources... [ 24%] dev-manual/api/content_types
reading sources... [ 25%] dev-manual/api/docs_changelog
reading sources... [ 26%] dev-manual/api/examples/index
reading sources... [ 28%] dev-manual/api/exploring
reading sources... [ 29%] dev-manual/api/index
reading sources... [ 30%] dev-manual/api/metadata
reading sources... [ 31%] dev-manual/api/operations
reading sources... [ 32%] dev-manual/api/scanin
reading sources... [ 34%] dev-manual/api/searching
reading sources... [ 35%] dev-manual/api/serialization
reading sources... [ 36%] dev-manual/api/workflow
reading sources... [ 37%] dev-manual/index
reading sources... [ 39%] dev-manual/oggbundle/index
reading sources... [ 40%] index
reading sources... [ 41%] systemadmin-manual/index
reading sources... [ 42%] systemadmin-manual/officeconnector/autoopenfiles
reading sources... [ 43%] systemadmin-manual/officeconnector/index
reading sources... [ 45%] user-manual/aufgaben/auflisten_von_statusaenderungen
reading sources... [ 46%] user-manual/aufgaben/detailansicht
reading sources... [ 47%] user-manual/aufgaben/empfangene_bearbeiten
reading sources... [ 48%] user-manual/aufgaben/erledigte_abschliessen
reading sources... [ 50%] user-manual/aufgaben/erstellen
reading sources... [ 51%] user-manual/aufgaben/index
reading sources... [ 52%] user-manual/aufgaben/mandantenuebergreifende_zusammenarbeit
reading sources... [ 53%] user-manual/aufgaben/pendenzenkontrolle
reading sources... [ 54%] user-manual/aufgaben/sammelaufgaben
reading sources... [ 56%] user-manual/aufgaben/stellvertretung
reading sources... [ 57%] user-manual/aufgaben/teamaufgaben
reading sources... [ 58%] user-manual/aufgaben/unteraufgabe
reading sources... [ 59%] user-manual/aufgaben/workflow
reading sources... [ 60%] user-manual/benachrichtigung
reading sources... [ 62%] user-manual/dokumente/ablegen
reading sources... [ 63%] user-manual/dokumente/anschauen
reading sources... [ 64%] user-manual/dokumente/bearbeiten
reading sources... [ 65%] user-manual/dokumente/diverseaktionen
reading sources... [ 67%] user-manual/dokumente/erstellen
reading sources... [ 68%] user-manual/dokumente/finden
reading sources... [ 69%] user-manual/dokumente/index
reading sources... [ 70%] user-manual/dokumente/metadatenpflegen
reading sources... [ 71%] user-manual/dokumente/verwalten
reading sources... [ 73%] user-manual/dossiers/bearbeiten
reading sources... [ 74%] user-manual/dossiers/dossiervorlagen
reading sources... [ 75%] user-manual/dossiers/eroeffnen
reading sources... [ 76%] user-manual/dossiers/index
reading sources... [ 78%] user-manual/dossiers/subdossiers
reading sources... [ 79%] user-manual/glossary
reading sources... [ 80%] user-manual/grundlagen
reading sources... [ 81%] user-manual/index
reading sources... [ 82%] user-manual/kontakte
reading sources... [ 84%] user-manual/meine_ablage
reading sources... [ 85%] user-manual/overview
reading sources... [ 86%] user-manual/posteingang
reading sources... [ 87%] user-manual/spv/antrag-erfassen
reading sources... [ 89%] user-manual/spv/ausblick
reading sources... [ 90%] user-manual/spv/index
reading sources... [ 91%] user-manual/spv/kommission_gremium_erfassen
reading sources... [ 92%] user-manual/spv/sitzung-abschliessen
reading sources... [ 93%] user-manual/spv/sitzung-durchfuehren
reading sources... [ 95%] user-manual/spv/sitzung-vorbereiten
reading sources... [ 96%] user-manual/spv/sitzungsunterlagen-aufbereiten
reading sources... [ 97%] user-manual/standardablaeufe
reading sources... [ 98%] user-manual/suchen
reading sources... [100%] user-manual/tippsundtricks

looking for now-outdated files... none found
pickling environment... done
checking consistency... /Users/livia/projects/opengever.core-docs/docs/public/user-manual/spv/index.rst:: WARNING: document isn't included in any toctree
done
preparing documents... done
writing output... [  1%] admin-manual/adminansicht
writing output... [  2%] admin-manual/aussonderung
writing output... [  3%] admin-manual/berechtigungoe
writing output... [  4%] admin-manual/docproperties/autoupdate
writing output... [  6%] admin-manual/docproperties/index
writing output... [  7%] admin-manual/docproperties/insert
writing output... [  8%] admin-manual/docproperties/list
writing output... [  9%] admin-manual/index
writing output... [ 10%] admin-manual/meeting/debugging
writing output... [ 12%] admin-manual/meeting/index
writing output... [ 13%] admin-manual/meeting/mergefields
writing output... [ 14%] admin-manual/meeting/sablon
writing output... [ 15%] admin-manual/meeting/wordconfig
writing output... [ 17%] admin-manual/ogg-bundle
writing output... [ 18%] admin-manual/rollenmanager
writing output... [ 19%] admin-manual/standardablauferstellen
writing output... [ 20%] dev-manual/api/authentication
writing output... [ 21%] dev-manual/api/basics
writing output... [ 23%] dev-manual/api/batching
writing output... [ 24%] dev-manual/api/content_types
writing output... [ 25%] dev-manual/api/docs_changelog
writing output... [ 26%] dev-manual/api/examples/index
writing output... [ 28%] dev-manual/api/exploring
writing output... [ 29%] dev-manual/api/index
writing output... [ 30%] dev-manual/api/metadata
writing output... [ 31%] dev-manual/api/operations
writing output... [ 32%] dev-manual/api/scanin
writing output... [ 34%] dev-manual/api/searching
writing output... [ 35%] dev-manual/api/serialization
writing output... [ 36%] dev-manual/api/workflow
writing output... [ 37%] dev-manual/index
writing output... [ 39%] dev-manual/oggbundle/index
writing output... [ 40%] index
writing output... [ 41%] systemadmin-manual/index
writing output... [ 42%] systemadmin-manual/officeconnector/autoopenfiles
writing output... [ 43%] systemadmin-manual/officeconnector/index
writing output... [ 45%] user-manual/aufgaben/auflisten_von_statusaenderungen
writing output... [ 46%] user-manual/aufgaben/detailansicht
writing output... [ 47%] user-manual/aufgaben/empfangene_bearbeiten
writing output... [ 48%] user-manual/aufgaben/erledigte_abschliessen
writing output... [ 50%] user-manual/aufgaben/erstellen
writing output... [ 51%] user-manual/aufgaben/index
writing output... [ 52%] user-manual/aufgaben/mandantenuebergreifende_zusammenarbeit
writing output... [ 53%] user-manual/aufgaben/pendenzenkontrolle
writing output... [ 54%] user-manual/aufgaben/sammelaufgaben
writing output... [ 56%] user-manual/aufgaben/stellvertretung
writing output... [ 57%] user-manual/aufgaben/teamaufgaben
writing output... [ 58%] user-manual/aufgaben/unteraufgabe
writing output... [ 59%] user-manual/aufgaben/workflow
writing output... [ 60%] user-manual/benachrichtigung
writing output... [ 62%] user-manual/dokumente/ablegen
writing output... [ 63%] user-manual/dokumente/anschauen
writing output... [ 64%] user-manual/dokumente/bearbeiten
writing output... [ 65%] user-manual/dokumente/diverseaktionen
writing output... [ 67%] user-manual/dokumente/erstellen
writing output... [ 68%] user-manual/dokumente/finden
writing output... [ 69%] user-manual/dokumente/index
writing output... [ 70%] user-manual/dokumente/metadatenpflegen
writing output... [ 71%] user-manual/dokumente/verwalten
writing output... [ 73%] user-manual/dossiers/bearbeiten
writing output... [ 74%] user-manual/dossiers/dossiervorlagen
writing output... [ 75%] user-manual/dossiers/eroeffnen
writing output... [ 76%] user-manual/dossiers/index
writing output... [ 78%] user-manual/dossiers/subdossiers
writing output... [ 79%] user-manual/glossary
writing output... [ 80%] user-manual/grundlagen
writing output... [ 81%] user-manual/index
writing output... [ 82%] user-manual/kontakte
writing output... [ 84%] user-manual/meine_ablage
writing output... [ 85%] user-manual/overview
writing output... [ 86%] user-manual/posteingang
writing output... [ 87%] user-manual/spv/antrag-erfassen
writing output... [ 89%] user-manual/spv/ausblick
writing output... [ 90%] user-manual/spv/index
writing output... [ 91%] user-manual/spv/kommission_gremium_erfassen
writing output... [ 92%] user-manual/spv/sitzung-abschliessen
writing output... [ 93%] user-manual/spv/sitzung-durchfuehren
writing output... [ 95%] user-manual/spv/sitzung-vorbereiten
writing output... [ 96%] user-manual/spv/sitzungsunterlagen-aufbereiten
writing output... [ 97%] user-manual/standardablaeufe
writing output... [ 98%] user-manual/suchen
writing output... [100%] user-manual/tippsundtricks

generating indices... genindex http-routingtable
writing additional pages... search
copying images... [  0%] user-manual/dokumente/../img/media/img-dokumente-29.png
copying images... [  0%] user-manual/spv/../img/media/img-spvupdate-21.png
copying images... [  0%] user-manual/spv/../img/media/img-spvupdate-17.png
copying images... [  1%] user-manual/dokumente/../img/media/img-dokumente-22.png
copying images... [  1%] user-manual/img/media/img-grundlagen-1.png
copying images... [  1%] user-manual/dokumente/../img/media/img-dokumente-33.png
copying images... [  2%] user-manual/dokumente/../img/media/img-dokumente-17.png
copying images... [  2%] user-manual/aufgaben/../img/media/image200.png
copying images... [  2%] user-manual/img/media/image208.png
copying images... [  3%] user-manual/aufgaben/../img/media/image204.png
copying images... [  3%] user-manual/dokumente/../img/media/img-grundlagen-13.png
copying images... [  3%] systemadmin-manual/officeconnector/images/firefox_download_ask.png
copying images... [  4%] user-manual/img/media/img-grundlagen-8.png
copying images... [  4%] user-manual/img/media/image228.png
copying images... [  4%] user-manual/aufgaben/../img/media/img-aufgaben-12.png
copying images... [  4%] user-manual/aufgaben/../img/media/image172.png
copying images... [  5%] admin-manual/img/media/img-berechtigungoe-4.png
copying images... [  5%] user-manual/img/media/image237.png
copying images... [  5%] user-manual/aufgaben/../img/media/image182.png
copying images... [  6%] user-manual/aufgaben/../img/media/image183.png
copying images... [  6%] user-manual/dossiers/../img/media/img-dossiers-14.png
copying images... [  6%] user-manual/aufgaben/../img/media/image178.png
copying images... [  7%] user-manual/aufgaben/../img/media/image168.png
copying images... [  7%] user-manual/spv/../img/media/img-spvupdate-8.png
copying images... [  7%] user-manual/spv/../img/media/img-spvupdate-15.png
copying images... [  8%] user-manual/spv/../img/media/img-spvupdate-11.png
copying images... [  8%] user-manual/dokumente/../img/media/img-dokumente-20.png
copying images... [  8%] admin-manual/img/media/img-aussonderung-3.png
copying images... [  8%] user-manual/img/media/img-suchen-6.png
copying images... [  9%] user-manual/img/media/img-eingangskorb-15.png
copying images... [  9%] user-manual/spv/../img/media/img-spvupdate-19.png
copying images... [  9%] user-manual/aufgaben/../img/media/image177.png
copying images... [ 10%] user-manual/img/media/img-grundlagen-2.png
copying images... [ 10%] user-manual/img/media/img-eingangskorb-1.png
copying images... [ 10%] user-manual/dossiers/../img/media/img-dossiers-18.png
copying images... [ 11%] user-manual/spv/../img/media/img-spvupdate-6.png
copying images... [ 11%] admin-manual/img/media/img-rollenmanager-2.png
copying images... [ 11%] user-manual/dossiers/../img/media/img-subdossiers-1.png
copying images... [ 12%] admin-manual/docproperties/../_static/img/kurzref_adm_docprops_8.png
copying images... [ 12%] user-manual/dossiers/../img/media/img-dossiervorlagen-3.png
copying images... [ 12%] user-manual/dossiers/../img/media/img-dossiers-17.png
copying images... [ 13%] user-manual/aufgaben/../img/media/image184.png
copying images... [ 13%] admin-manual/img/media/img-aussonderung-1.png
copying images... [ 13%] admin-manual/img/media/img-admin-ansicht-1.png
copying images... [ 13%] user-manual/dossiers/../img/media/img-dossiers-7.png
copying images... [ 14%] user-manual/spv/../img/media/img-spvupdate-14.png
copying images... [ 14%] admin-manual/img/media/img-oggbundle-2.png
copying images... [ 14%] user-manual/img/media/img-grundlagen-21.png
copying images... [ 15%] user-manual/img/media/img-suchen-1.png
copying images... [ 15%] user-manual/dossiers/../img/media/img-subdossiers-2.png
copying images... [ 15%] user-manual/dossiers/../img/media/img-dossiers-1.png
copying images... [ 16%] user-manual/dokumente/../img/media/img-dokumente-38.png
copying images... [ 16%] user-manual/dokumente/../img/media/img-dokumente-8.png
copying images... [ 16%] user-manual/dossiers/../img/media/img-dossiervorlagen-7.png
copying images... [ 17%] user-manual/dokumente/../img/media/img-dokumente-4.png
copying images... [ 17%] user-manual/dokumente/../img/media/img-dokumente-5.png
copying images... [ 17%] user-manual/aufgaben/../img/media/img-aufgaben-27.png
copying images... [ 17%] user-manual/aufgaben/../img/media/img-aufgaben-26.png
copying images... [ 18%] user-manual/img/media/img-grundlagen-4.png
copying images... [ 18%] user-manual/img/media/img-eingangskorb-6.png
copying images... [ 18%] user-manual/dokumente/../img/media/img-dokumente-26.png
copying images... [ 19%] user-manual/aufgaben/../img/media/img-aufgaben-18.png
copying images... [ 19%] user-manual/aufgaben/../img/media/image206.png
copying images... [ 19%] admin-manual/docproperties/../_static/img/kurzref_adm_docprops_3.png
copying images... [ 20%] user-manual/aufgaben/../img/media/img-aufgaben-8b.png
copying images... [ 20%] user-manual/img/media/image231.png
copying images... [ 20%] user-manual/dossiers/../img/media/img-dossiers-9.png
copying images... [ 21%] user-manual/aufgaben/../img/media/img-aufgaben-6.png
copying images... [ 21%] user-manual/dossiers/../img/media/img-dossiers-5.png
copying images... [ 21%] user-manual/dossiers/../img/media/img-dossiers-6.png
copying images... [ 21%] user-manual/dokumente/../img/media/img-dokumente-25.png
copying images... [ 22%] user-manual/aufgaben/../img/media/img-aufgaben-16.png
copying images... [ 22%] user-manual/img/media/img-standardablauf-5.png
copying images... [ 22%] user-manual/img/media/image238.png
copying images... [ 23%] user-manual/aufgaben/../img/media/img-aufgaben-20.png
copying images... [ 23%] user-manual/aufgaben/../img/media/image164.png
copying images... [ 23%] user-manual/img/media/img-benachrichtigungs-einstellungen-4.png
copying images... [ 24%] user-manual/img/media/img-kontakte-3.png
copying images... [ 24%] user-manual/spv/../img/media/img-spvupdate-1.png
copying images... [ 24%] user-manual/aufgaben/../img/media/img-aufgaben-team-3.png
copying images... [ 25%] user-manual/aufgaben/../img/media/image181.png
copying images... [ 25%] user-manual/aufgaben/../img/media/img-aufgaben-team-4.png
copying images... [ 25%] admin-manual/img/media/img-standardablauf-24.png
copying images... [ 26%] user-manual/aufgaben/../img/media/image185.png
copying images... [ 26%] user-manual/img/media/img-grundlagen-20.png
copying images... [ 26%] user-manual/img/media/img-grundlagen-17.png
copying images... [ 26%] user-manual/dossiers/../img/media/img-dossiers-8.png
copying images... [ 27%] user-manual/aufgaben/../img/media/image173.png
copying images... [ 27%] user-manual/img/media/image235.png
copying images... [ 27%] user-manual/dokumente/../img/media/img-dokumente-31.png
copying images... [ 28%] admin-manual/meeting/../_static/img/kurzref_adm_lists_1.png
copying images... [ 28%] user-manual/aufgaben/../img/media/image180.png
copying images... [ 28%] user-manual/aufgaben/../img/media/img-aufgaben-13.png
copying images... [ 29%] user-manual/dokumente/../img/media/img-dokumente-40.png
copying images... [ 29%] user-manual/aufgaben/../img/media/image195.png
copying images... [ 29%] user-manual/spv/../img/media/img-spvupdate-9.png
copying images... [ 30%] user-manual/aufgaben/../img/media/image188.png
copying images... [ 30%] user-manual/aufgaben/../img/media/image176.png
copying images... [ 30%] admin-manual/docproperties/../_static/img/kurzref_adm_docprops_9.png
copying images... [ 30%] dev-manual/api/../_static/img/postman_request.png
copying images... [ 31%] admin-manual/img/media/img-standardablauf-20.png
copying images... [ 31%] user-manual/dokumente/../img/media/image68.png
copying images... [ 31%] user-manual/img/media/img-eingangskorb-19.png
copying images... [ 32%] user-manual/aufgaben/../img/media/img-aufgaben-team-1.png
copying images... [ 32%] user-manual/img/media/img-eingangskorb-20.png
copying images... [ 32%] user-manual/img/media/img-suchen-8.png
copying images... [ 33%] user-manual/img/media/img-eingangskorb-9.png
copying images... [ 33%] user-manual/spv/../img/media/img-spvupdate-26.png
copying images... [ 33%] user-manual/aufgaben/../img/media/img-aufgaben-7.png
copying images... [ 34%] user-manual/img/media/image239.png
copying images... [ 34%] admin-manual/meeting/../_static/img/kurzref_adm_lists_3.png
copying images... [ 34%] admin-manual/docproperties/../_static/img/kurzref_adm_docprops_14.png
copying images... [ 34%] user-manual/dokumente/../img/media/img-dokumente-2.png
copying images... [ 35%] admin-manual/meeting/../_static/img/kurzref_adm_lists_6.png
copying images... [ 35%] user-manual/aufgaben/../img/media/img-aufgaben-21.png
copying images... [ 35%] user-manual/aufgaben/../img/media/image189.png
copying images... [ 36%] user-manual/dokumente/../img/media/img-dokumente-3.png
copying images... [ 36%] user-manual/img/media/img-eingangskorb-8.png
copying images... [ 36%] user-manual/dossiers/../img/media/img-dossiervorlagen-1.png
copying images... [ 37%] user-manual/dossiers/../img/media/img-dossiervorlagen-2.png
copying images... [ 37%] admin-manual/docproperties/../_static/img/kurzref_adm_docprops_5.png
copying images... [ 37%] user-manual/dossiers/../img/media/img-dossiers-11.png
copying images... [ 38%] user-manual/spv/../img/media/img-spvupdate-31.png
copying images... [ 38%] user-manual/dossiers/../img/media/img-dossiers-3.png
copying images... [ 38%] admin-manual/img/media/img-rollenmanager-4.png
copying images... [ 39%] user-manual/dokumente/../img/media/img-dokumente-10.png
copying images... [ 39%] user-manual/spv/../img/media/img-spvupdate-22.png
copying images... [ 39%] user-manual/spv/../img/media/img-spvupdate-16.png
copying images... [ 39%] user-manual/dokumente/../img/media/img-dokumente-14.png
copying images... [ 40%] user-manual/aufgaben/../img/media/img-aufgaben-5.png
copying images... [ 40%] user-manual/dokumente/../img/media/image84.png
copying images... [ 40%] user-manual/aufgaben/../img/media/image196.png
copying images... [ 41%] user-manual/dokumente/../img/media/img-dokumente-21.png
copying images... [ 41%] user-manual/spv/../img/media/img-spvupdate-29.png
copying images... [ 41%] user-manual/aufgaben/../img/media/image201.png
copying images... [ 42%] admin-manual/meeting/../_static/img/kurzref_adm_lists_2.png
copying images... [ 42%] user-manual/spv/../img/media/img-spvupdate-32.png
copying images... [ 42%] user-manual/dossiers/../img/media/img-dossiers-2.png
copying images... [ 43%] user-manual/dokumente/../img/media/img-grundlagen-12.png
copying images... [ 43%] user-manual/dossiers/../img/media/img-dossiervorlagen-5.png
copying images... [ 43%] user-manual/spv/../img/media/img-spvupdate-5.png
copying images... [ 43%] user-manual/spv/../img/media/img-spvupdate-4.png
copying images... [ 44%] user-manual/aufgaben/../img/media/img-aufgaben-24.png
copying images... [ 44%] user-manual/dokumente/../img/media/img-dokumente-6.png
copying images... [ 44%] user-manual/dossiers/../img/media/img-dossiers-12.png
copying images... [ 45%] user-manual/img/media/img-eingangskorb-4.png
copying images... [ 45%] user-manual/img/media/img-eingangskorb-12.png
copying images... [ 45%] user-manual/aufgaben/../img/media/image179.png
copying images... [ 46%] dev-manual/api/../_static/img/postman_retain_headers.png
copying images... [ 46%] user-manual/img/media/img-eingangskorb-16.png
copying images... [ 46%] user-manual/spv/../img/media/img-spvupdate-10.png
copying images... [ 47%] user-manual/img/media/img-grundlagen-19.png
copying images... [ 47%] user-manual/dokumente/../img/media/img-dokumente-12.png
copying images... [ 47%] user-manual/spv/../img/media/img-spvupdate-24.png
copying images... [ 47%] user-manual/spv/../img/media/img-spvupdate-25.png
copying images... [ 48%] user-manual/dossiers/../img/media/img-dossiervorlagen-11.png
copying images... [ 48%] user-manual/dossiers/../img/media/img-dossiers-4.png
copying images... [ 48%] user-manual/img/media/img-grundlagen-27.png
copying images... [ 49%] user-manual/img/media/img-suchen-4.png
copying images... [ 49%] user-manual/spv/../img/media/img-spvupdate-3.png
copying images... [ 49%] user-manual/aufgaben/../img/media/image202.png
copying images... [ 50%] user-manual/img/media/img-eingangskorb-10.png
copying images... [ 50%] user-manual/img/media/img-eingangskorb-11.png
copying images... [ 50%] user-manual/img/media/img-eingangskorb-5.png
copying images... [ 51%] admin-manual/img/media/img-aussonderung-2.png
copying images... [ 51%] user-manual/img/media/img-eingangskorb-2.png
copying images... [ 51%] user-manual/img/media/img-standardablauf-6.png
copying images... [ 52%] user-manual/img/media/img-suchen-9.png
copying images... [ 52%] admin-manual/img/media/img-oggbundle-3.png
copying images... [ 52%] user-manual/aufgaben/../img/media/image186.png
copying images... [ 52%] user-manual/img/media/img-eingangskorb-21.png
copying images... [ 53%] user-manual/img/media/img-benachrichtigungs-einstellungen-1.png
copying images... [ 53%] user-manual/spv/../img/media/img-spvupdate-13.png
copying images... [ 53%] user-manual/spv/../img/media/img-spvupdate-30.png
copying images... [ 54%] user-manual/img/media/image234.png
copying images... [ 54%] admin-manual/docproperties/../_static/img/kurzref_adm_docprops_12.png
copying images... [ 54%] user-manual/dokumente/../img/media/img-dokumente-27.png
copying images... [ 55%] user-manual/aufgaben/../img/media/img-aufgaben-22.png
copying images... [ 55%] user-manual/dossiers/../img/media/img-dossiervorlagen-8.png
copying images... [ 55%] user-manual/img/media/img-grundlagen-3.png
copying images... [ 56%] user-manual/img/media/img-benachrichtigungs-einstellungen-2.png
copying images... [ 56%] admin-manual/img/media/img-aussonderung-6.png
copying images... [ 56%] admin-manual/img/media/img-standardablauf-22.png
copying images... [ 56%] admin-manual/docproperties/../_static/img/kurzref_adm_docprops_6.png
copying images... [ 57%] user-manual/aufgaben/../img/media/img-aufgaben-19.png
copying images... [ 57%] user-manual/aufgaben/../img/media/img-aufgaben-team-5.png
copying images... [ 57%] user-manual/img/media/img-grundlagen-16.png
copying images... [ 58%] user-manual/aufgaben/../img/media/image175.png
copying images... [ 58%] dev-manual/api/../_static/img/postman_basic_auth.png
copying images... [ 58%] user-manual/img/media/img-eingangskorb-23.png
copying images... [ 59%] user-manual/dokumente/../img/media/img-dokumente-23.png
copying images... [ 59%] admin-manual/meeting/../_static/img/kurzref_adm_lists_4.png
copying images... [ 59%] admin-manual/docproperties/../_static/img/kurzref_adm_docprops_11.png
copying images... [ 60%] user-manual/dossiers/../img/media/img-dossiers-15.png
copying images... [ 60%] admin-manual/img/media/img-rollenmanager-1.png
copying images... [ 60%] user-manual/img/media/img-standardablauf-3.png
copying images... [ 60%] user-manual/aufgaben/../img/media/img-aufgaben-31.png
copying images... [ 61%] user-manual/spv/../img/media/img-spvupdate-2.png
copying images... [ 61%] user-manual/dossiers/../img/media/img-dossiers-10.png
copying images... [ 61%] admin-manual/docproperties/../_static/img/kurzref_adm_docprops_4.png
copying images... [ 62%] admin-manual/img/media/img-aussonderung-5.png
copying images... [ 62%] user-manual/dossiers/../img/media/img-dossiers-13.png
copying images... [ 62%] admin-manual/img/media/img-berechtigungoe-2.png
copying images... [ 63%] user-manual/img/media/img-eingangskorb-3.png
copying images... [ 63%] user-manual/dokumente/../img/media/img-dokumente-36.png
copying images... [ 63%] systemadmin-manual/officeconnector/images/firefox_applications.png
copying images... [ 64%] user-manual/dokumente/../img/media/img-dokumente-32.png
copying images... [ 64%] user-manual/aufgaben/../img/media/image192.png
copying images... [ 64%] user-manual/img/media/img-grundlagen-26.png
copying images... [ 65%] user-manual/img/media/image232.png
copying images... [ 65%] user-manual/aufgaben/../img/media/img-aufgaben-8.png
copying images... [ 65%] user-manual/img/media/img-eingangskorb-7.png
copying images... [ 65%] admin-manual/docproperties/../_static/img/kurzref_adm_docprops_15.png
copying images... [ 66%] user-manual/dossiers/../img/media/img-dossiers-16.png
copying images... [ 66%] user-manual/dokumente/../img/media/img-dokumente-24.png
copying images... [ 66%] user-manual/spv/../img/media/img-spvupdate-7.png
copying images... [ 67%] user-manual/dokumente/../img/media/img-dokumente-1.png
copying images... [ 67%] user-manual/aufgaben/../img/media/img-aufgaben-23.png
copying images... [ 67%] user-manual/img/media/img-standardablauf-1.png
copying images... [ 68%] user-manual/aufgaben/../img/media/img-aufgaben-28.png
copying images... [ 68%] admin-manual/img/media/img-aussonderung-4.png
copying images... [ 68%] admin-manual/docproperties/../_static/img/kurzref_adm_docprops_7.png
copying images... [ 69%] admin-manual/img/media/img-berechtigungoe-3.png
copying images... [ 69%] user-manual/dokumente/../img/media/img-dokumente-11.png
copying images... [ 69%] user-manual/dokumente/../img/media/img-dokumente-34.png
copying images... [ 69%] user-manual/dokumente/../img/media/img-dokumente-35.png
copying images... [ 70%] user-manual/aufgaben/../img/media/img-aufgaben-4.png
copying images... [ 70%] user-manual/aufgaben/../img/media/image191.png
copying images... [ 70%] user-manual/spv/../img/media/img-spvupdate-27.png
copying images... [ 71%] systemadmin-manual/officeconnector/images/chrome_settings.png
copying images... [ 71%] user-manual/img/media/img-suchen-3.png
copying images... [ 71%] user-manual/dokumente/../img/media/img-dokumentvorlagen-2.png
copying images... [ 72%] user-manual/dossiers/../img/media/img-dossiervorlagen-6.png
copying images... [ 72%] user-manual/aufgaben/../img/media/image199.png
copying images... [ 72%] user-manual/img/media/img-grundlagen-18.png
copying images... [ 73%] user-manual/img/media/img-eingangskorb-22.png
copying images... [ 73%] user-manual/aufgaben/../img/media/image170.png
copying images... [ 73%] user-manual/img/media/img-grundlagen-9.png
copying images... [ 73%] user-manual/img/media/img-eingangskorb-13.png
copying images... [ 74%] user-manual/img/media/img-grundlagen-15.png
copying images... [ 74%] user-manual/img/media/img-grundlagen-7.png
copying images... [ 74%] admin-manual/img/media/img-oggbundle-1.png
copying images... [ 75%] user-manual/spv/../img/media/img-spvupdate-23.png
copying images... [ 75%] user-manual/dokumente/../img/media/img-dokumente-15.png
copying images... [ 75%] dev-manual/oggbundle/img/image1.png
copying images... [ 76%] user-manual/dokumente/../img/media/img-dokumente-18.png
copying images... [ 76%] user-manual/img/media/image233.png
copying images... [ 76%] admin-manual/meeting/../_static/img/kurzref_adm_lists_5.png
copying images... [ 77%] user-manual/dokumente/../img/media/img-dokumentvorlagen-3.png
copying images... [ 77%] user-manual/dokumente/../img/media/img-dokumente-41.png
copying images... [ 77%] admin-manual/docproperties/../_static/img/kurzref_adm_docprops_10.png
copying images... [ 78%] user-manual/aufgaben/../img/media/image167.png
copying images... [ 78%] user-manual/aufgaben/../img/media/img-aufgaben-30.png
copying images... [ 78%] user-manual/aufgaben/../img/media/image171.png
copying images... [ 78%] user-manual/dokumente/../img/media/img-dokumente-9.png
copying images... [ 79%] user-manual/aufgaben/../img/media/img-aufgaben-team-2.png
copying images... [ 79%] user-manual/img/media/img-grundlagen-14.png
copying images... [ 79%] user-manual/aufgaben/../img/media/image187.png
copying images... [ 80%] user-manual/aufgaben/../img/media/img-aufgaben-32.png
copying images... [ 80%] user-manual/aufgaben/../img/media/img-aufgaben-3.png
copying images... [ 80%] user-manual/img/media/image229.png
copying images... [ 81%] user-manual/img/media/img-grundlagen-25.png
copying images... [ 81%] user-manual/aufgaben/../img/media/image190.png
copying images... [ 81%] user-manual/img/media/img-suchen-10.png
copying images... [ 82%] user-manual/spv/../img/media/img-spvupdate-20.png
copying images... [ 82%] dev-manual/api/../_static/img/postman_headers.png
copying images... [ 82%] user-manual/dokumente/../img/media/image67.png
copying images... [ 82%] user-manual/spv/../img/media/img-spvupdate-18.png
copying images... [ 83%] user-manual/aufgaben/../img/media/image205.png
copying images... [ 83%] user-manual/img/media/image240.png
copying images... [ 83%] user-manual/dossiers/../img/media/img-dossiervorlagen-4.png
copying images... [ 84%] user-manual/aufgaben/../img/media/image203.png
copying images... [ 84%] admin-manual/img/media/img-rollenmanager-3.png
copying images... [ 84%] user-manual/aufgaben/../img/media/img-aufgaben-17.png
copying images... [ 85%] user-manual/aufgaben/../img/media/img-aufgaben-25.png
copying images... [ 85%] user-manual/img/media/img-standardablauf-4.png
copying images... [ 85%] user-manual/dokumente/../img/media/img-dokumente-7.png
copying images... [ 86%] user-manual/aufgaben/../img/media/img-aufgaben-29.png
copying images... [ 86%] admin-manual/img/media/img-berechtigungoe-5.png
copying images... [ 86%] user-manual/img/media/img-eingangskorb-17.png
copying images... [ 86%] user-manual/dokumente/../img/media/img-dokumentvorlagen-1.png
copying images... [ 87%] user-manual/aufgaben/../img/media/img-aufgaben-2.png
copying images... [ 87%] user-manual/img/media/image230.png
copying images... [ 87%] user-manual/img/media/img-eingangskorb-18.png
copying images... [ 88%] user-manual/dokumente/../img/media/img-dokumente-28.png
copying images... [ 88%] user-manual/spv/../img/media/img-spvupdate-28.png
copying images... [ 88%] user-manual/dossiers/../img/media/img-subdossiers-3.png
copying images... [ 89%] admin-manual/docproperties/../_static/img/kurzref_adm_docprops_13.png
copying images... [ 89%] user-manual/spv/../img/media/img-spvupdate-12.png
copying images... [ 89%] user-manual/aufgaben/../img/media/img-aufgaben-1.png
copying images... [ 90%] user-manual/dossiers/../img/media/img-dossiervorlagen-10.png
copying images... [ 90%] user-manual/aufgaben/../img/media/image174.png
copying images... [ 90%] user-manual/img/media/img-grundlagen-5.png
copying images... [ 91%] user-manual/dokumente/../img/media/img-grundlagen-11.png
copying images... [ 91%] user-manual/dokumente/../img/media/image43.png
copying images... [ 91%] systemadmin-manual/officeconnector/images/chrome_downloads_open.png
copying images... [ 91%] admin-manual/img/media/img-standardablauf-21.png
copying images... [ 92%] user-manual/img/media/img-suchen-7.png
copying images... [ 92%] admin-manual/img/media/img-berechtigungoe-1.png
copying images... [ 92%] user-manual/img/media/img-meine-ablage-1.png
copying images... [ 93%] user-manual/dokumente/../img/media/img-dokumente-37.png
copying images... [ 93%] user-manual/img/media/img-standardablauf-2.png
copying images... [ 93%] systemadmin-manual/officeconnector/images/safari_auto_open.png
copying images... [ 94%] user-manual/aufgaben/../img/media/image193.png
copying images... [ 94%] user-manual/img/media/image236.png
copying images... [ 94%] user-manual/dokumente/../img/media/img-dokumente-16.png
copying images... [ 95%] user-manual/dokumente/../img/media/img-dokumente-19.png
copying images... [ 95%] user-manual/img/media/img-suchen-2.png
copying images... [ 95%] user-manual/img/media/image241.png
copying images... [ 95%] user-manual/dokumente/../img/media/img-grundlagen-10.png
copying images... [ 96%] user-manual/dossiers/../img/media/img-dossiervorlagen-9.png
copying images... [ 96%] user-manual/aufgaben/../img/media/image166.png
copying images... [ 96%] user-manual/img/media/image226.png
copying images... [ 97%] user-manual/aufgaben/../img/media/image165.png
copying images... [ 97%] user-manual/img/media/img-benachrichtigungs-einstellungen-3.png
copying images... [ 97%] user-manual/img/media/img-kontakte-2.png
copying images... [ 98%] user-manual/img/media/img-kontakte-1.png
copying images... [ 98%] user-manual/img/media/img-suchen-5.png
copying images... [ 98%] user-manual/img/media/img-grundlagen-6.png
copying images... [ 99%] admin-manual/img/media/img-standardablauf-23.png
copying images... [ 99%] user-manual/img/media/img-eingangskorb-14.png
copying images... [ 99%] admin-manual/img/media/img-standardablauf-25.png
copying images... [100%] user-manual/aufgaben/../img/media/image169.png

copying downloadable files... [ 20%] /Users/livia/projects/opengever.core-docs/docs/public/dev-manual/oggbundle/data/configuration.schema.json
copying downloadable files... [ 40%] /Users/livia/projects/opengever.core-docs/opengever/bundle/schemas/dossiers.schema.json
copying downloadable files... [ 60%] /Users/livia/projects/opengever.core-docs/opengever/bundle/schemas/documents.schema.json
copying downloadable files... [ 80%] /Users/livia/projects/opengever.core-docs/opengever/bundle/schemas/repofolders.schema.json
copying downloadable files... [100%] /Users/livia/projects/opengever.core-docs/opengever/bundle/schemas/reporoots.schema.json

copying static files... done
copying extra files... done
dumping search index in German (code: de) ... done
dumping object inventory... done
build succeeded, 1 warning.

Build finished. The HTML pages are in _build/html.
